<?xml version="1.0" encoding="UTF-8"?>
<!-- Generated by org.testng.reporters.JUnitReportReporter -->
<testsuite skipped="0" hostname="LAPTOP-HSA27IPQ" name="com.Automation.appln.scripts.Meesho" tests="1" failures="0" timestamp="2024-04-25T13:03:40 IST" time="4.862" errors="0">
  <testcase name="meeshoTest" time="4.862" classname="com.Automation.appln.scripts.Meesho"/>
  <system-out/>
</testsuite> <!-- com.Automation.appln.scripts.Meesho -->
