<?xml version="1.0" encoding="UTF-8"?>
<!-- Generated by org.testng.reporters.JUnitReportReporter -->
<testsuite hostname="LAPTOP-HSA27IPQ" failures="0" tests="1" name="com.Automation.appln.scripts.OpencartRegistrationTest" time="9.780" errors="0" timestamp="2024-08-12T11:33:35 IST" skipped="0">
  <testcase classname="com.Automation.appln.scripts.OpencartRegistrationTest" name="RegistrationTest" time="9.780"/>
  <system-out/>
</testsuite> <!-- com.Automation.appln.scripts.OpencartRegistrationTest -->
