<?xml version="1.0" encoding="UTF-8"?>
<!-- Generated by org.testng.reporters.JUnitReportReporter -->
<testsuite skipped="0" hostname="LAPTOP-HSA27IPQ" name="com.Autimation.appln.Script.FlipkartDemo" tests="1" failures="0" timestamp="2024-04-02T12:10:52 IST" time="5.300" errors="0">
  <testcase name="Flikart" time="5.300" classname="com.Autimation.appln.Script.FlipkartDemo"/>
  <system-out/>
</testsuite> <!-- com.Autimation.appln.Script.FlipkartDemo -->
