<?xml version="1.0" encoding="UTF-8"?>
<!-- Generated by org.testng.reporters.JUnitReportReporter -->
<testsuite skipped="0" hostname="LAPTOP-HSA27IPQ" name="com.Autimation.appln.Script.SwiggyDemo" tests="1" failures="0" timestamp="2024-04-02T12:10:52 IST" time="8.933" errors="0">
  <testcase name="swiggy" time="8.933" classname="com.Autimation.appln.Script.SwiggyDemo"/>
  <system-out/>
</testsuite> <!-- com.Autimation.appln.Script.SwiggyDemo -->
