<?xml version="1.0" encoding="UTF-8"?>
<!-- Generated by org.testng.reporters.JUnitReportReporter -->
<testsuite skipped="0" hostname="LAPTOP-HSA27IPQ" name="com.testng.Demo" tests="1" failures="0" timestamp="2024-04-01T12:41:31 IST" time="0.002" errors="0">
  <testcase name="demo" time="0.002" classname="com.testng.Demo"/>
  <system-out/>
</testsuite> <!-- com.testng.Demo -->
