<?xml version="1.0" encoding="UTF-8"?>
<!-- Generated by org.testng.reporters.JUnitReportReporter -->
<testsuite skipped="0" hostname="LAPTOP-HSA27IPQ" name="com.testng1.Test1" tests="1" failures="0" timestamp="2024-04-01T12:41:31 IST" time="0.007" errors="0">
  <testcase name="salary" time="0.007" classname="com.testng1.Test1"/>
  <system-out/>
</testsuite> <!-- com.testng1.Test1 -->
